Fecha: 2025-07-05 23:54:48
Para: marisolroblesnunez@gmail.com
Asunto: Verificación de cuenta
Mensaje:
Por favor, verifica tu cuenta haciendo clic en este enlace: http://localhost/GIMNASIO-MAIN/admin/verificar.php?token=b9606fd8ab49f89b746d19c86868777615c41863ca5e97f758e43f3c9897f028
__________________________________________

Fecha: 2025-07-05 23:56:48
Para: lolita@gmail.com
Asunto: Verificación de cuenta
Mensaje:
Por favor, verifica tu cuenta haciendo clic en este enlace: http://localhost/GIMNASIO-MAIN/admin/verificar.php?token=44ed923f6bde099e1779227faf116080c5876f853d43993791d999c74e1bfbf9
__________________________________________

Fecha: 2025-07-05 23:57:26
Para: marisolroblesnunez@gmail.com
Asunto: Recuperación de contraseña
Mensaje:
Para restablecer tu contraseña, haz click en este enlace: http://localhost/GIMNASIO-MAIN/admin/restablecer.php?token=b901e4ff3687966ab2368b35350d5249b915e6de7493d59379749181961bf0b3
__________________________________________

Fecha: 2025-07-06 00:07:50
Para: chulita@gmail.com
Asunto: Verificación de cuenta
Mensaje:
Por favor, verifica tu cuenta haciendo clic en este enlace: http://localhost/GIMNASIO-MAIN/admin/verificar.php?token=7b22b16fe9c56c03b7ccc7bcfcbc62fed7a1790d7673e27a54ef9b206d2d3cde
__________________________________________

Fecha: 2025-07-06 00:08:52
Para: culo@gmail.com
Asunto: Verificación de cuenta
Mensaje:
Por favor, verifica tu cuenta haciendo clic en este enlace: http://localhost/GIMNASIO-MAIN/admin/verificar.php?token=2d9b33d7a0851c0853ddb3c0ea5180871e85de6172ce85bb9dda6db4db7a9251
__________________________________________

Fecha: 2025-07-06 00:17:46
Para: ss@gmail.com
Asunto: Verificación de cuenta
Mensaje:
Por favor, verifica tu cuenta haciendo clic en este enlace: http://localhost/GIMNASIO-MAIN/admin/verificar.php?token=cef194964ea58ca647fea0058159861e8e1a9db488f354268fc51143e0233ca8
__________________________________________

Fecha: 2025-07-06 00:19:13
Para: alberto@gmail.com
Asunto: Verificación de cuenta
Mensaje:
Por favor, verifica tu cuenta haciendo clic en este enlace: http://localhost/GIMNASIO-MAIN/admin/verificar.php?token=78a25271fdc01d827bb07f83d075822ddbc9faf1792d8c5804872e778578848e
__________________________________________

Fecha: 2025-07-08 14:21:50
Para: uu@gmail.com
Asunto: Verificación de cuenta
Mensaje:
Por favor, verifica tu cuenta haciendo clic en este enlace: http://localhost/GIMNASIO-MAIN/admin/verificar.php?token=27bd724f1bf622d491a7e727ae6328c551cd1812ce93e76f3b796c9d495d092c
__________________________________________

Fecha: 2025-07-09 23:52:46
Para: ii@gmail.com
Asunto: Verificación de cuenta
Mensaje:
Por favor, verifica tu cuenta haciendo clic en este enlace: http://localhost/GIMNASIO-MAIN/admin/verificar.php?token=260161714aeff92ae0c7d70256f5c55b9466f4034e18c40d167c29efa62d4acf
__________________________________________

Fecha: 2025-07-10 22:56:05
Para: jj@gmail.com
Asunto: Verificación de cuenta
Mensaje:
Por favor, verifica tu cuenta haciendo clic en este enlace: http://localhost/GIMNASIO-MAIN/admin/verificar.php?token=d5f482f010c0b2a562f0e5f46d1400e0a62143a6669ef654b47609f257bbb593
__________________________________________

Fecha: 2025-07-10 23:34:07
Para: ui@gmail.com
Asunto: Verificación de cuenta
Mensaje:
Por favor, verifica tu cuenta haciendo clic en este enlace: http://localhost/gimnasio9del7/admin/verificar.php?token=fd4480d0638c725440d31b4cc8c26807f7e74c06c84be5c4a2cf1d62e0d94ec5
__________________________________________

Fecha: 2025-07-16 01:02:21
Para: uuu@gmail.com
Asunto: Verificación de cuenta
Mensaje:
Por favor, verifica tu cuenta haciendo clic en este enlace: http://localhost/gimnasio9del7/admin/verificar.php?token=c0c8cd99bfe55e250869fc50a8f778e803ffe363040576c6938827ef4c279c7d
__________________________________________

Fecha: 2025-07-16 01:34:16
Para: tt@gmail.com
Asunto: Verificación de cuenta
Mensaje:
Por favor, verifica tu cuenta haciendo clic en este enlace: /verificar.php?token=1607e77ae36b05f2c46459a27d72f8401a2528aac9e1be392e1f48c0891da5d3
__________________________________________

Fecha: 2025-07-16 01:39:56
Para: pp@gmail.com
Asunto: Verificación de cuenta
Mensaje:
Por favor, verifica tu cuenta haciendo clic en este enlace: http://localhost/gimnasio9del77/admin/verificar.php?token=06b68b2ec05e485b47eb6662d1de13da162e30a75a7d6607aeadc5fb31209f5b
__________________________________________

Fecha: 2025-07-16 01:42:50
Para: ww@gmail.com
Asunto: Verificación de cuenta
Mensaje:
Por favor, verifica tu cuenta haciendo clic en este enlace: http://localhost/gimnasio9del77/admin/verificar.php?token=18d07a01cf5c13c701f10d40de604af8b6b4849922fdd39300c45d40c32140b6
__________________________________________

Fecha: 2025-07-16 01:52:24
Para: puri@gmail.com
Asunto: Verificación de cuenta
Mensaje:
Por favor, verifica tu cuenta haciendo clic en este enlace: http://localhost/gimnasio9del77/admin/verificar.php?token=bf77735fe029bd3e8a137f605cd8f3a3e0d84967482aa5f81c0a44e1e8a3721f
__________________________________________

Fecha: 2025-07-16 01:59:20
Para: y@gmail.com
Asunto: Verificación de cuenta
Mensaje:
Por favor, verifica tu cuenta haciendo clic en este enlace: http://localhost/gimnasio9del77/admin/verificar.php?token=cd01590d0802d8dc10bb84158e76fa935090080ec59cdced1bec9808db0af2ac
__________________________________________

Fecha: 2025-07-16 09:58:08
Para: ee@gmail.com
Asunto: Verificación de cuenta
Mensaje:
Por favor, verifica tu cuenta haciendo clic en este enlace: http://localhost/gimnasio9del77/admin/verificar.php?token=ae5ef9dee5399f7d761bf522dba339832dfd45df6d6f53f94cc82a886fd1ebec
__________________________________________
d
Fecha: 2025-07-16 11:02:53
Para: ei@gmail.com
Asunto: Verificación de cuenta
Mensaje:
Por favor, verifica tu cuenta haciendo clic en este enlace: http://localhost/gimnasio9del77/admin/verificar.php?token=83f8694897e0b2f51bb70fbaf95a20b38df9bf9612f9e9aad8b22ee44203c411
__________________________________________

Fecha: 2025-07-16 12:17:08
Para: xx@gmail.com
Asunto: Verificación de cuenta
Mensaje:
Por favor, verifica tu cuenta haciendo clic en este enlace: http://localhost/gimnasio9del77/admin/verificar.php?token=b2861a429195cc2998c38409fc840965ad3aa92341685e879bbef7994dbbd24d
__________________________________________

Fecha: 2025-07-16 12:27:39
Para: rr@gmail.com
Asunto: Verificación de cuenta
Mensaje:
Por favor, verifica tu cuenta haciendo clic en este enlace: http://localhost/gimnasio9del77/admin/verificar.php?token=5af807ec05e6710ef13dd47fddc9383a240c0cfac7fbe5583c0025b8ba0c7482
__________________________________________

Fecha: 2025-07-16 13:45:32
Para: ou@gmail.com
Asunto: Verificación de cuenta
Mensaje:
Por favor, verifica tu cuenta haciendo clic en este enlace: http://localhost/gimnasio9del77/admin/verificar.php?token=40545e1d8b483ad376246fd3408a58dbcb7c36f55b720a5ce72719408b6d5a69
__________________________________________

Fecha: 2025-07-16 14:15:07
Para: ff@gmail.com
Asunto: Verificación de cuenta
Mensaje:
Por favor, verifica tu cuenta haciendo clic en este enlace: http://localhost/gimnasio9del77/admin/verificar.php?token=70643cdc2b2f3f304fc3f4464f4f4a4e614dc65fa82ad8ef31de9ab81cb1b21b
__________________________________________

Fecha: 2025-07-17 09:15:34
Para: aa@gmail.com
Asunto: Verificación de cuenta
Mensaje:
Por favor, verifica tu cuenta haciendo clic en este enlace: http://localhost/gimnasio9del77/admin/verificar.php?token=6475acb5d9aaf764b13117b673277d47809079ac9bc7079f90240282b26b969d
__________________________________________

Fecha: 2025-07-17 19:22:09
Para: vv@gmail.com
Asunto: Verificación de cuenta
Mensaje:
Por favor, verifica tu cuenta haciendo clic en este enlace: http://localhost/gimnasio9del77/admin/verificar.php?token=02373650975e9c5d26d09effa75edefe0ed9c38c0fd1a41bf3bb8497db441c16
__________________________________________

Fecha: 2025-07-17 19:26:20
Para: kk@gmail.com
Asunto: Verificación de cuenta
Mensaje:
Por favor, verifica tu cuenta haciendo clic en este enlace: http://localhost/gimnasio9del77/admin/verificar.php?token=4846a8ad30ce91b0edd1a271b6a519e93111c9a18f04c78151df52dfee1e5f89
__________________________________________

Fecha: 2025-07-18 12:48:03
Para: rr@gmail.com
Asunto: Verificación de cuenta
Mensaje:
Por favor, verifica tu cuenta haciendo clic en este enlace: http://localhost/gimnasio9del77/admin/verificar.php?token=46604540a60045950f289f4b07259064d4b4dcb263d822604728221dc35ba51a
__________________________________________

Fecha: 2025-07-18 13:04:48
Para: yu@gmail.com
Asunto: Verificación de cuenta
Mensaje:
Por favor, verifica tu cuenta haciendo clic en este enlace: http://localhost/gimnasio9del77/admin/verificar.php?token=0cda69acecf074d5083f4e1eed18dd123bd3407ca5642b3507cda40d28bcc2d6
__________________________________________

